<?xml version="1.0" encoding="UTF-8"?>
<!-- Generated by org.testng.reporters.JUnitReportReporter -->
<testsuite hostname="DESKTOP-6TNPV6L" failures="0" tests="2" name="cucumberoptions.TestRunner" time="31.672" errors="0" timestamp="2020-11-19T14:00:31 EST" skipped="0">
  <testcase classname="cucumberoptions.TestRunner" name="runScenario" time="16.099"/>
  <system-out/>
  <testcase classname="cucumberoptions.TestRunner" name="runScenario" time="15.573"/>
  <system-out/>
</testsuite> <!-- cucumberoptions.TestRunner -->
