<?xml version="1.0" encoding="UTF-8"?>
<!-- Generated by org.testng.reporters.JUnitReportReporter -->
<testsuite hostname="DESKTOP-6TNPV6L" failures="0" tests="2" name="Academy.HomePage" time="7.932" errors="0" timestamp="2020-11-19T13:32:06 EST" skipped="0">
  <testcase classname="Academy.HomePage" name="baseHomePageNavigation" time="5.486"/>
  <system-out/>
  <testcase classname="Academy.HomePage" name="baseHomePageNavigation" time="2.446"/>
  <system-out/>
</testsuite> <!-- Academy.HomePage -->
