<?xml version="1.0" encoding="UTF-8"?>
<!-- Generated by org.testng.reporters.JUnitReportReporter -->
<testsuite hostname="DESKTOP-6TNPV6L" failures="0" tests="2" name="cucumberoptions.TestRunner" time="31.606" errors="0" timestamp="2020-11-19T13:48:03 EST" skipped="0">
  <testcase classname="cucumberoptions.TestRunner" name="runScenario" time="15.749"/>
  <system-out/>
  <testcase classname="cucumberoptions.TestRunner" name="runScenario" time="15.857"/>
  <system-out/>
</testsuite> <!-- cucumberoptions.TestRunner -->
